=====================POSTArray
(
    [ids] => ["155363","155362","155361","155360","155359","155340","155339","155338","155337","155336"]
)
=====================POSTArray
(
    [ids] => []
)
=====================POSTArray
(
    [ids] => ["155363","155362"]
)
=====================POSTArray
(
    [ids] => ["155363","155362","155361","155360","155359","155340","155339","155338","155337","155336"]
)
=====================POSTArray
(
    [ids] => ["155363","155362","155361","155360","155359","155340","155339","155338","155337","155336"]
)
=====================POSTArray
(
    [ids] => []
)
=====================POSTArray
(
    [ids] => ["155363","155362","155361","155360","155359","155340","155339","155338","155337","155336"]
)
=====================POSTArray
(
    [ids] => ["155363","155362","155361","155360","155359","155340","155339","155338","155337","155336"]
)
=====================POSTArray
(
    [ids] => ["155363","155362","155361","155360","155359","155340","155339","155338","155337","155336"]
)
=====================POSTArray
(
    [ids] => ["155363","155362","155361","155360","155359","155340","155339","155338","155337","155336"]
)
=====================POSTArray
(
    [ids] => ["155363","155362","155361","155360","155359","155340","155339","155338","155337","155336"]
)
=====================POSTArray
(
)
=====================POSTArray
(
)
=====================POSTArray
(
)
=====================POSTArray
(
)
=====================POSTArray
(
)
=====================POSTArray
(
)
=====================POSTArray
(
)
=====================POSTArray
(
)
=====================POSTArray
(
    [ids_arr] => ["155363","155362","155361","155360","155359","155340","155339","155338","155337","155336"]
)
=====================POSTArray
(
    [ids_arr] => []
)
=====================POSTArray
(
    [ids_arr] => ["155363","155362","155361","155360","155359","155340","155339","155338","155337","155336"]
)
=====================POSTArray
(
    [ids_arr] => ["155363","155362","155361","155360","155359","155340","155339","155338","155337","155336"]
)
=====================POSTArray
(
    [ids_arr] => []
)
=====================POSTArray
(
    [ids_arr] => ["155363","155362","155361","155360","155359","155340","155339","155338","155337","155336"]
)
=====================POSTArray
(
    [ids_arr] => []
)
=====================POSTArray
(
    [ids_arr] => ["155363","155362","155361","155360","155359","155340","155339","155338","155337","155336"]
)
=====================POSTArray
(
    [ids] => ["155363","155362","155361","155360","155359","155340","155339","155338","155337","155336"]
)
=====================POSTArray
(
    [ids] => ["155363","155362","155361","155360","155359","155340","155339","155338","155337","155336"]
)
